<?xml version="1.0" encoding="UTF-8"?>
<!-- Generated by org.testng.reporters.JUnitXMLReporter -->
<testsuite ignored="0" hostname="LAPTOP-IQ06DEC2" failures="0" tests="4" name="Test" time="28.563" errors="0" timestamp="2023-01-05T23:24:06 IST">
  <testcase classname="com.testng.BlazeDemo" name="pageOne" time="10.327"/>
  <testcase classname="com.testng.BlazeDemo" name="pageTwo" time="2.507"/>
  <testcase classname="com.testng.BlazeDemo" name="pageThree" time="15.502"/>
  <testcase classname="com.testng.BlazeDemo" name="pageFour" time="0.037"/>
</testsuite> <!-- Test -->
